Added Component: Designator=U1(RN2483)
Added Pin To Net: NetName=GND Pin=U1-1
Added Pin To Net: NetName=NetP1_2 Pin=U1-2
Added Pin To Net: NetName=NetP1_3 Pin=U1-3
Added Pin To Net: NetName=NetP1_4 Pin=U1-4
Added Pin To Net: NetName=NetP1_4 Pin=U1-5
Added Pin To Net: NetName=NetP1_6 Pin=U1-6
Added Pin To Net: NetName=NetP1_7 Pin=U1-7
Added Pin To Net: NetName=GND Pin=U1-8
Added Pin To Net: NetName=NetP1_9 Pin=U1-9
Added Pin To Net: NetName=NetP1_10 Pin=U1-10
Added Pin To Net: NetName=GND Pin=U1-11
Added Pin To Net: NetName=+3V6 Pin=U1-12
Added Pin To Net: NetName=NetP1_13 Pin=U1-13
Added Pin To Net: NetName=NetP1_14 Pin=U1-14
Added Pin To Net: NetName=GND Pin=U1-20
Added Pin To Net: NetName=GND Pin=U1-21
Added Pin To Net: NetName=GND Pin=U1-22
Added Pin To Net: NetName=NetJ1_1 Pin=U1-23
Added Pin To Net: NetName=GND Pin=U1-24
Added Pin To Net: NetName=NetJ2_1 Pin=U1-25
Added Pin To Net: NetName=GND Pin=U1-26
Added Pin To Net: NetName=GND Pin=U1-27
Added Pin To Net: NetName=GND Pin=U1-28
Added Pin To Net: NetName=NetP2_1 Pin=U1-30
Added Pin To Net: NetName=NetP2_2 Pin=U1-31
Added Pin To Net: NetName=NetP2_3 Pin=U1-32
Added Pin To Net: NetName=GND Pin=U1-33
Added Pin To Net: NetName=+3V6 Pin=U1-34
Added Pin To Net: NetName=NetP2_6 Pin=U1-35
Added Pin To Net: NetName=NetP2_7 Pin=U1-36
Added Pin To Net: NetName=NetP2_8 Pin=U1-37
Added Pin To Net: NetName=NetP2_9 Pin=U1-38
Added Pin To Net: NetName=NetP2_10 Pin=U1-39
Added Pin To Net: NetName=NetP2_11 Pin=U1-40
Added Pin To Net: NetName=GND Pin=U1-41
Added Pin To Net: NetName=NetP2_12 Pin=U1-43
Added Pin To Net: NetName=NetP2_13 Pin=U1-44
Added Pin To Net: NetName=NetP2_14 Pin=U1-45
Added Pin To Net: NetName=NetP2_15 Pin=U1-46
Added Pin To Net: NetName=GND Pin=U1-47
Added Member To Class: ClassName=RN2483 Member=Component U1 RN2483
Added Room: Name=RN2483
